<component name="ProjectRunConfigurationManager">
    <configuration default="false" name="test-codeflix" type="JUnit" factoryName="JUnit">
        <option name="PACKAGE_NAME" value=""/>
        <option name="MAIN_CLASS_NAME" value=""/>
        <option name="METHOD_NAME" value=""/>
        <option name="TEST_OBJECT" value="package"/>
        <option name="TEST_SEARCH_SCOPE">
            <value defaultName="wholeProject"/>
        </option>
        <envs>
            <env name="--spring.profiles.active" value="test"/>
        </envs>
        <method v="2">
            <option name="Make" enabled="true"/>
        </method>
    </configuration>
</component>
